2013-10-20 17:08:17 [INFO] Starting minecraft server version 1.6.4
2013-10-20 17:08:17 [INFO] Loading properties
2013-10-20 17:08:17 [WARNING] server.properties does not exist
2013-10-20 17:08:17 [INFO] Generating new properties file
2013-10-20 17:08:17 [INFO] Default game type: SURVIVAL
2013-10-20 17:08:17 [INFO] Generating keypair
2013-10-20 17:08:18 [INFO] Starting Minecraft server on *:25565
2013-10-20 17:08:18 [WARNING] Failed to load operators list: java.io.FileNotFoundException: ./ops.txt (No such file or directory)
2013-10-20 17:08:18 [WARNING] Failed to load white-list: java.io.FileNotFoundException: ./white-list.txt (No such file or directory)
2013-10-20 17:08:18 [INFO] Preparing level "world"
2013-10-20 17:08:18 [INFO] Preparing start region for level 0
2013-10-20 17:08:19 [INFO] Preparing spawn area: 11%
2013-10-20 17:08:20 [INFO] Preparing spawn area: 29%
2013-10-20 17:08:21 [INFO] Preparing spawn area: 53%
2013-10-20 17:08:22 [INFO] Preparing spawn area: 79%
2013-10-20 17:08:23 [INFO] Done (5.057s)! For help, type "help" or "?"
2013-10-20 17:53:40 [INFO] Stopping the server
2013-10-20 17:53:40 [INFO] Stopping server
2013-10-20 17:53:40 [INFO] Saving players
2013-10-20 17:53:40 [INFO] Saving worlds
2013-10-20 17:53:40 [INFO] Saving chunks for level 'world'/Overworld
2013-10-20 17:53:40 [INFO] Closing listening thread
2013-10-20 17:53:40 [INFO] Saving chunks for level 'world'/Nether
2013-10-20 17:53:40 [INFO] Saving chunks for level 'world'/The End
